{
  "stats": {
    "suites": 1,
    "tests": 6,
    "passes": 5,
    "pending": 0,
    "failures": 1,
    "start": "2025-11-28T13:56:09.170Z",
    "end": "2025-11-28T13:56:43.538Z",
    "duration": 34368,
    "testsRegistered": 6,
    "passPercent": 83.33333333333334,
    "pendingPercent": 0,
    "other": 0,
    "hasOther": false,
    "skipped": 0,
    "hasSkipped": false
  },
  "results": [
    {
      "uuid": "e6a786a0-4a24-4e85-89dc-e472614a98fe",
      "title": "",
      "fullFile": "cypress\\e2e\\health-check.cy.js",
      "file": "cypress\\e2e\\health-check.cy.js",
      "beforeHooks": [],
      "afterHooks": [],
      "tests": [],
      "suites": [
        {
          "uuid": "28398cd6-2ffa-49df-8056-cef070dc4795",
          "title": "Health Checks - AutomationExercise",
          "fullFile": "",
          "file": "",
          "beforeHooks": [],
          "afterHooks": [],
          "tests": [
            {
              "title": "SLA - Page Load Performance (Realistic)",
              "fullTitle": "Health Checks - AutomationExercise SLA - Page Load Performance (Realistic)",
              "timedOut": null,
              "duration": 5544,
              "state": "passed",
              "speed": "medium",
              "pass": true,
              "fail": false,
              "pending": false,
              "context": null,
              "code": "",
              "err": {},
              "uuid": "c4ccc667-a768-46da-9a9d-94e2ffbfcad0",
              "parentUUID": "28398cd6-2ffa-49df-8056-cef070dc4795",
              "isHook": false,
              "skipped": false
            },
            {
              "title": "SLA - Critical User Journeys",
              "fullTitle": "Health Checks - AutomationExercise SLA - Critical User Journeys",
              "timedOut": null,
              "duration": 10442,
              "state": "passed",
              "speed": "slow",
              "pass": true,
              "fail": false,
              "pending": false,
              "context": null,
              "code": "",
              "err": {},
              "uuid": "b81e3111-e2d9-4c23-83b7-a161291a36ba",
              "parentUUID": "28398cd6-2ffa-49df-8056-cef070dc4795",
              "isHook": false,
              "skipped": false
            },
            {
              "title": "SLA - Form Interactions",
              "fullTitle": "Health Checks - AutomationExercise SLA - Form Interactions",
              "timedOut": null,
              "duration": 9456,
              "state": "passed",
              "speed": "medium",
              "pass": true,
              "fail": false,
              "pending": false,
              "context": null,
              "code": "",
              "err": {},
              "uuid": "eabd900c-699c-4598-921b-00a16ee339d2",
              "parentUUID": "28398cd6-2ffa-49df-8056-cef070dc4795",
              "isHook": false,
              "skipped": false
            },
            {
              "title": "SLA - Availability & Core Features",
              "fullTitle": "Health Checks - AutomationExercise SLA - Availability & Core Features",
              "timedOut": null,
              "duration": 4891,
              "state": "passed",
              "speed": "fast",
              "pass": true,
              "fail": false,
              "pending": false,
              "context": null,
              "code": "",
              "err": {},
              "uuid": "c30734ea-a294-4165-9803-c8ae669d0188",
              "parentUUID": "28398cd6-2ffa-49df-8056-cef070dc4795",
              "isHook": false,
              "skipped": false
            },
            {
              "title": "SLA - Performance Consistency",
              "fullTitle": "Health Checks - AutomationExercise SLA - Performance Consistency",
              "timedOut": null,
              "duration": 599,
              "state": "failed",
              "speed": null,
              "pass": false,
              "fail": true,
              "pending": false,
              "context": null,
              "code": "",
              "err": {
                "message": "AssertionError: expected NaN to be below 50",
                "estack": "AssertionError: expected NaN to be below 50\n    at Context.eval (https://automationexercise.com/__cypress/tests?p=cypress\\e2e\\health-check.cy.js:187:34)",
                "diff": null
              },
              "uuid": "e93e0620-f4ae-400e-ad3b-568f82501457",
              "parentUUID": "28398cd6-2ffa-49df-8056-cef070dc4795",
              "isHook": false,
              "skipped": false
            },
            {
              "title": "SLA - Executive Report",
              "fullTitle": "Health Checks - AutomationExercise SLA - Executive Report",
              "timedOut": null,
              "duration": 1206,
              "state": "passed",
              "speed": "fast",
              "pass": true,
              "fail": false,
              "pending": false,
              "context": null,
              "code": "",
              "err": {},
              "uuid": "28eda03f-5846-4976-ae4c-180d4cf8a92e",
              "parentUUID": "28398cd6-2ffa-49df-8056-cef070dc4795",
              "isHook": false,
              "skipped": false
            }
          ],
          "suites": [],
          "passes": [
            "c4ccc667-a768-46da-9a9d-94e2ffbfcad0",
            "b81e3111-e2d9-4c23-83b7-a161291a36ba",
            "eabd900c-699c-4598-921b-00a16ee339d2",
            "c30734ea-a294-4165-9803-c8ae669d0188",
            "28eda03f-5846-4976-ae4c-180d4cf8a92e"
          ],
          "failures": [
            "e93e0620-f4ae-400e-ad3b-568f82501457"
          ],
          "pending": [],
          "skipped": [],
          "duration": 32138,
          "root": false,
          "rootEmpty": false,
          "_timeout": 2000
        }
      ],
      "passes": [],
      "failures": [],
      "pending": [],
      "skipped": [],
      "duration": 0,
      "root": true,
      "rootEmpty": true,
      "_timeout": 2000
    }
  ],
  "meta": {
    "mocha": {
      "version": "7.0.1"
    },
    "mochawesome": {
      "options": {
        "quiet": true,
        "reportFilename": "[status]_[datetime]-[name]",
        "saveHtml": true,
        "saveJson": true,
        "consoleReporter": "spec",
        "useInlineDiffs": false,
        "code": false
      },
      "version": "7.1.4"
    },
    "marge": {
      "options": {
        "reportDir": "cypress/reports/mochawesome",
        "overwrite": false,
        "html": true,
        "json": true,
        "charts": true,
        "code": false,
        "timestamp": "ddmmyyyy_HHmmss",
        "reportFilename": "[status]_[datetime]-[name]",
        "quiet": true
      },
      "version": "6.3.2"
    }
  }
}