{
  "stats": {
    "suites": 1,
    "tests": 6,
    "passes": 6,
    "pending": 0,
    "failures": 0,
    "start": "2025-11-28T14:06:54.821Z",
    "end": "2025-11-28T14:07:43.752Z",
    "duration": 48931,
    "testsRegistered": 6,
    "passPercent": 100,
    "pendingPercent": 0,
    "other": 0,
    "hasOther": false,
    "skipped": 0,
    "hasSkipped": false
  },
  "results": [
    {
      "uuid": "ac784e5c-c365-4f1e-9c52-26e6441b88ef",
      "title": "",
      "fullFile": "cypress\\e2e\\health-check.cy.js",
      "file": "cypress\\e2e\\health-check.cy.js",
      "beforeHooks": [],
      "afterHooks": [],
      "tests": [],
      "suites": [
        {
          "uuid": "fa8271fb-5c6b-4968-a333-6b656ce48a27",
          "title": "Health Checks - AutomationExercise",
          "fullFile": "",
          "file": "",
          "beforeHooks": [],
          "afterHooks": [],
          "tests": [
            {
              "title": "SLA - Page Load Performance (Realistic)",
              "fullTitle": "Health Checks - AutomationExercise SLA - Page Load Performance (Realistic)",
              "timedOut": null,
              "duration": 6123,
              "state": "passed",
              "speed": "medium",
              "pass": true,
              "fail": false,
              "pending": false,
              "context": null,
              "code": "",
              "err": {},
              "uuid": "84ef3d8d-49d2-442c-962a-46e52c461d88",
              "parentUUID": "fa8271fb-5c6b-4968-a333-6b656ce48a27",
              "isHook": false,
              "skipped": false
            },
            {
              "title": "SLA - Critical User Journeys",
              "fullTitle": "Health Checks - AutomationExercise SLA - Critical User Journeys",
              "timedOut": null,
              "duration": 14673,
              "state": "passed",
              "speed": "slow",
              "pass": true,
              "fail": false,
              "pending": false,
              "context": null,
              "code": "",
              "err": {},
              "uuid": "f717c9e4-b2c9-4fbb-ba64-44da417be99c",
              "parentUUID": "fa8271fb-5c6b-4968-a333-6b656ce48a27",
              "isHook": false,
              "skipped": false
            },
            {
              "title": "SLA - Form Interactions",
              "fullTitle": "Health Checks - AutomationExercise SLA - Form Interactions",
              "timedOut": null,
              "duration": 9870,
              "state": "passed",
              "speed": "medium",
              "pass": true,
              "fail": false,
              "pending": false,
              "context": null,
              "code": "",
              "err": {},
              "uuid": "79fb6fc2-f1d8-4140-92aa-8496165a0a2c",
              "parentUUID": "fa8271fb-5c6b-4968-a333-6b656ce48a27",
              "isHook": false,
              "skipped": false
            },
            {
              "title": "SLA - Availability & Core Features",
              "fullTitle": "Health Checks - AutomationExercise SLA - Availability & Core Features",
              "timedOut": null,
              "duration": 5819,
              "state": "passed",
              "speed": "medium",
              "pass": true,
              "fail": false,
              "pending": false,
              "context": null,
              "code": "",
              "err": {},
              "uuid": "ba3ada34-d1e6-4b5a-a860-57582e32f36d",
              "parentUUID": "fa8271fb-5c6b-4968-a333-6b656ce48a27",
              "isHook": false,
              "skipped": false
            },
            {
              "title": "SLA - Performance Consistency",
              "fullTitle": "Health Checks - AutomationExercise SLA - Performance Consistency",
              "timedOut": null,
              "duration": 9988,
              "state": "passed",
              "speed": "medium",
              "pass": true,
              "fail": false,
              "pending": false,
              "context": null,
              "code": "",
              "err": {},
              "uuid": "1021289e-7f8f-465d-a0a0-47d167a2ae77",
              "parentUUID": "fa8271fb-5c6b-4968-a333-6b656ce48a27",
              "isHook": false,
              "skipped": false
            },
            {
              "title": "SLA - Executive Report",
              "fullTitle": "Health Checks - AutomationExercise SLA - Executive Report",
              "timedOut": null,
              "duration": 1356,
              "state": "passed",
              "speed": "fast",
              "pass": true,
              "fail": false,
              "pending": false,
              "context": null,
              "code": "",
              "err": {},
              "uuid": "16e25287-39a7-4b43-8b53-24ebb21112da",
              "parentUUID": "fa8271fb-5c6b-4968-a333-6b656ce48a27",
              "isHook": false,
              "skipped": false
            }
          ],
          "suites": [],
          "passes": [
            "84ef3d8d-49d2-442c-962a-46e52c461d88",
            "f717c9e4-b2c9-4fbb-ba64-44da417be99c",
            "79fb6fc2-f1d8-4140-92aa-8496165a0a2c",
            "ba3ada34-d1e6-4b5a-a860-57582e32f36d",
            "1021289e-7f8f-465d-a0a0-47d167a2ae77",
            "16e25287-39a7-4b43-8b53-24ebb21112da"
          ],
          "failures": [],
          "pending": [],
          "skipped": [],
          "duration": 47829,
          "root": false,
          "rootEmpty": false,
          "_timeout": 2000
        }
      ],
      "passes": [],
      "failures": [],
      "pending": [],
      "skipped": [],
      "duration": 0,
      "root": true,
      "rootEmpty": true,
      "_timeout": 2000
    }
  ],
  "meta": {
    "mocha": {
      "version": "7.0.1"
    },
    "mochawesome": {
      "options": {
        "quiet": true,
        "reportFilename": "[status]_[datetime]-[name]",
        "saveHtml": true,
        "saveJson": true,
        "consoleReporter": "spec",
        "useInlineDiffs": false,
        "code": false
      },
      "version": "7.1.4"
    },
    "marge": {
      "options": {
        "reportDir": "cypress/reports/mochawesome",
        "overwrite": false,
        "html": true,
        "json": true,
        "charts": true,
        "code": false,
        "timestamp": "ddmmyyyy_HHmmss",
        "reportFilename": "[status]_[datetime]-[name]",
        "quiet": true
      },
      "version": "6.3.2"
    }
  }
}