{
  "stats": {
    "suites": 1,
    "tests": 1,
    "passes": 1,
    "pending": 0,
    "failures": 0,
    "start": "2025-11-27T13:14:41.847Z",
    "end": "2025-11-27T13:15:10.014Z",
    "duration": 28167,
    "testsRegistered": 1,
    "passPercent": 100,
    "pendingPercent": 0,
    "other": 0,
    "hasOther": false,
    "skipped": 0,
    "hasSkipped": false
  },
  "results": [
    {
      "uuid": "7c3fea51-9bc1-4d96-b9aa-f334997b4928",
      "title": "",
      "fullFile": "cypress\\e2e\\cadastro.cy.js",
      "file": "cypress\\e2e\\cadastro.cy.js",
      "beforeHooks": [],
      "afterHooks": [],
      "tests": [],
      "suites": [
        {
          "uuid": "fe8e26f8-8dcd-4cca-8f78-1832f02f8a06",
          "title": "Automation Exercise - Cadastro",
          "fullFile": "",
          "file": "",
          "beforeHooks": [],
          "afterHooks": [],
          "tests": [
            {
              "title": "deve completar o cadastro com sucesso",
              "fullTitle": "Automation Exercise - Cadastro deve completar o cadastro com sucesso",
              "timedOut": null,
              "duration": 27914,
              "state": "passed",
              "speed": "slow",
              "pass": true,
              "fail": false,
              "pending": false,
              "context": null,
              "code": "",
              "err": {},
              "uuid": "9b2ac6e4-2134-4e3b-89d2-3510d581b54b",
              "parentUUID": "fe8e26f8-8dcd-4cca-8f78-1832f02f8a06",
              "isHook": false,
              "skipped": false
            }
          ],
          "suites": [],
          "passes": [
            "9b2ac6e4-2134-4e3b-89d2-3510d581b54b"
          ],
          "failures": [],
          "pending": [],
          "skipped": [],
          "duration": 27914,
          "root": false,
          "rootEmpty": false,
          "_timeout": 2000
        }
      ],
      "passes": [],
      "failures": [],
      "pending": [],
      "skipped": [],
      "duration": 0,
      "root": true,
      "rootEmpty": true,
      "_timeout": 2000
    }
  ],
  "meta": {
    "mocha": {
      "version": "7.0.1"
    },
    "mochawesome": {
      "options": {
        "quiet": true,
        "reportFilename": "[status]_[datetime]-[name]",
        "saveHtml": true,
        "saveJson": true,
        "consoleReporter": "spec",
        "useInlineDiffs": false,
        "code": false
      },
      "version": "7.1.4"
    },
    "marge": {
      "options": {
        "reportDir": "cypress/reports/mochawesome",
        "overwrite": false,
        "html": true,
        "json": true,
        "charts": true,
        "code": false,
        "timestamp": "ddmmyyyy_HHmmss",
        "reportFilename": "[status]_[datetime]-[name]",
        "quiet": true
      },
      "version": "6.3.2"
    }
  }
}