{
  "stats": {
    "suites": 1,
    "tests": 1,
    "passes": 1,
    "pending": 0,
    "failures": 0,
    "start": "2025-11-27T21:31:01.399Z",
    "end": "2025-11-27T21:31:36.400Z",
    "duration": 35001,
    "testsRegistered": 1,
    "passPercent": 100,
    "pendingPercent": 0,
    "other": 0,
    "hasOther": false,
    "skipped": 0,
    "hasSkipped": false
  },
  "results": [
    {
      "uuid": "ae688e79-2aae-4b1a-b135-94a299f0c6ea",
      "title": "",
      "fullFile": "cypress\\e2e\\login-completo.cy.js",
      "file": "cypress\\e2e\\login-completo.cy.js",
      "beforeHooks": [],
      "afterHooks": [],
      "tests": [],
      "suites": [
        {
          "uuid": "7e5507dc-6651-4adf-91f6-3309b7b18429",
          "title": "Caso de teste 2: Login do usuário com e-mail e senha corretos",
          "fullFile": "",
          "file": "",
          "beforeHooks": [],
          "afterHooks": [],
          "tests": [
            {
              "title": "Deve fazer cadastro, logout, login e excluir a conta",
              "fullTitle": "Caso de teste 2: Login do usuário com e-mail e senha corretos Deve fazer cadastro, logout, login e excluir a conta",
              "timedOut": null,
              "duration": 34812,
              "state": "passed",
              "speed": "slow",
              "pass": true,
              "fail": false,
              "pending": false,
              "context": null,
              "code": "",
              "err": {},
              "uuid": "854fa0e6-534c-4fe9-a4b5-e89a91cada4d",
              "parentUUID": "7e5507dc-6651-4adf-91f6-3309b7b18429",
              "isHook": false,
              "skipped": false
            }
          ],
          "suites": [],
          "passes": [
            "854fa0e6-534c-4fe9-a4b5-e89a91cada4d"
          ],
          "failures": [],
          "pending": [],
          "skipped": [],
          "duration": 34812,
          "root": false,
          "rootEmpty": false,
          "_timeout": 2000
        }
      ],
      "passes": [],
      "failures": [],
      "pending": [],
      "skipped": [],
      "duration": 0,
      "root": true,
      "rootEmpty": true,
      "_timeout": 2000
    }
  ],
  "meta": {
    "mocha": {
      "version": "7.0.1"
    },
    "mochawesome": {
      "options": {
        "quiet": true,
        "reportFilename": "[status]_[datetime]-[name]",
        "saveHtml": true,
        "saveJson": true,
        "consoleReporter": "spec",
        "useInlineDiffs": false,
        "code": false
      },
      "version": "7.1.4"
    },
    "marge": {
      "options": {
        "reportDir": "cypress/reports/mochawesome",
        "overwrite": false,
        "html": true,
        "json": true,
        "charts": true,
        "code": false,
        "timestamp": "ddmmyyyy_HHmmss",
        "reportFilename": "[status]_[datetime]-[name]",
        "quiet": true
      },
      "version": "6.3.2"
    }
  }
}