{
  "stats": {
    "suites": 1,
    "tests": 1,
    "passes": 1,
    "pending": 0,
    "failures": 0,
    "start": "2025-11-27T21:12:37.996Z",
    "end": "2025-11-27T21:12:55.246Z",
    "duration": 17250,
    "testsRegistered": 1,
    "passPercent": 100,
    "pendingPercent": 0,
    "other": 0,
    "hasOther": false,
    "skipped": 0,
    "hasSkipped": false
  },
  "results": [
    {
      "uuid": "85b29f70-654d-4ccc-9180-5edb9477c9ef",
      "title": "",
      "fullFile": "cypress\\e2e\\add_produto_car.cy.js",
      "file": "cypress\\e2e\\add_produto_car.cy.js",
      "beforeHooks": [],
      "afterHooks": [],
      "tests": [],
      "suites": [
        {
          "uuid": "78d03829-4c7b-4dd9-8567-afd34711dcee",
          "title": "Caso de teste: Adicionar produtos ao carrinho",
          "fullFile": "",
          "file": "",
          "beforeHooks": [],
          "afterHooks": [],
          "tests": [
            {
              "title": "Deve adicionar dois produtos ao carrinho e validar todos os detalhes",
              "fullTitle": "Caso de teste: Adicionar produtos ao carrinho Deve adicionar dois produtos ao carrinho e validar todos os detalhes",
              "timedOut": null,
              "duration": 17040,
              "state": "passed",
              "speed": "slow",
              "pass": true,
              "fail": false,
              "pending": false,
              "context": null,
              "code": "",
              "err": {},
              "uuid": "69f8ad1a-941d-4553-90b8-ce4430117b77",
              "parentUUID": "78d03829-4c7b-4dd9-8567-afd34711dcee",
              "isHook": false,
              "skipped": false
            }
          ],
          "suites": [],
          "passes": [
            "69f8ad1a-941d-4553-90b8-ce4430117b77"
          ],
          "failures": [],
          "pending": [],
          "skipped": [],
          "duration": 17040,
          "root": false,
          "rootEmpty": false,
          "_timeout": 2000
        }
      ],
      "passes": [],
      "failures": [],
      "pending": [],
      "skipped": [],
      "duration": 0,
      "root": true,
      "rootEmpty": true,
      "_timeout": 2000
    }
  ],
  "meta": {
    "mocha": {
      "version": "7.0.1"
    },
    "mochawesome": {
      "options": {
        "quiet": true,
        "reportFilename": "[status]_[datetime]-[name]",
        "saveHtml": true,
        "saveJson": true,
        "consoleReporter": "spec",
        "useInlineDiffs": false,
        "code": false
      },
      "version": "7.1.4"
    },
    "marge": {
      "options": {
        "reportDir": "cypress/reports/mochawesome",
        "overwrite": false,
        "html": true,
        "json": true,
        "charts": true,
        "code": false,
        "timestamp": "ddmmyyyy_HHmmss",
        "reportFilename": "[status]_[datetime]-[name]",
        "quiet": true
      },
      "version": "6.3.2"
    }
  }
}