{
  "stats": {
    "suites": 1,
    "tests": 1,
    "passes": 1,
    "pending": 0,
    "failures": 0,
    "start": "2025-11-27T21:24:52.469Z",
    "end": "2025-11-27T21:25:07.500Z",
    "duration": 15031,
    "testsRegistered": 1,
    "passPercent": 100,
    "pendingPercent": 0,
    "other": 0,
    "hasOther": false,
    "skipped": 0,
    "hasSkipped": false
  },
  "results": [
    {
      "uuid": "20d28f35-ea9b-44f2-af0a-ebe45901572d",
      "title": "",
      "fullFile": "cypress\\e2e\\adicionarAvaliacao.cy.js",
      "file": "cypress\\e2e\\adicionarAvaliacao.cy.js",
      "beforeHooks": [],
      "afterHooks": [],
      "tests": [],
      "suites": [
        {
          "uuid": "23b0ca10-47a5-4090-b2f3-de64e7c92a6b",
          "title": "Caso de Teste: Adicionar avaliação ao produto",
          "fullFile": "",
          "file": "",
          "beforeHooks": [],
          "afterHooks": [],
          "tests": [
            {
              "title": "Deve permitir que o usuário envie uma avaliação para um produto",
              "fullTitle": "Caso de Teste: Adicionar avaliação ao produto Deve permitir que o usuário envie uma avaliação para um produto",
              "timedOut": null,
              "duration": 14850,
              "state": "passed",
              "speed": "slow",
              "pass": true,
              "fail": false,
              "pending": false,
              "context": null,
              "code": "",
              "err": {},
              "uuid": "60e7cb8a-bffe-401f-a722-8b88bf424e7d",
              "parentUUID": "23b0ca10-47a5-4090-b2f3-de64e7c92a6b",
              "isHook": false,
              "skipped": false
            }
          ],
          "suites": [],
          "passes": [
            "60e7cb8a-bffe-401f-a722-8b88bf424e7d"
          ],
          "failures": [],
          "pending": [],
          "skipped": [],
          "duration": 14850,
          "root": false,
          "rootEmpty": false,
          "_timeout": 2000
        }
      ],
      "passes": [],
      "failures": [],
      "pending": [],
      "skipped": [],
      "duration": 0,
      "root": true,
      "rootEmpty": true,
      "_timeout": 2000
    }
  ],
  "meta": {
    "mocha": {
      "version": "7.0.1"
    },
    "mochawesome": {
      "options": {
        "quiet": true,
        "reportFilename": "[status]_[datetime]-[name]",
        "saveHtml": true,
        "saveJson": true,
        "consoleReporter": "spec",
        "useInlineDiffs": false,
        "code": false
      },
      "version": "7.1.4"
    },
    "marge": {
      "options": {
        "reportDir": "cypress/reports/mochawesome",
        "overwrite": false,
        "html": true,
        "json": true,
        "charts": true,
        "code": false,
        "timestamp": "ddmmyyyy_HHmmss",
        "reportFilename": "[status]_[datetime]-[name]",
        "quiet": true
      },
      "version": "6.3.2"
    }
  }
}