{
  "stats": {
    "suites": 1,
    "tests": 1,
    "passes": 1,
    "pending": 0,
    "failures": 0,
    "start": "2025-11-27T21:25:27.888Z",
    "end": "2025-11-27T21:25:43.424Z",
    "duration": 15536,
    "testsRegistered": 1,
    "passPercent": 100,
    "pendingPercent": 0,
    "other": 0,
    "hasOther": false,
    "skipped": 0,
    "hasSkipped": false
  },
  "results": [
    {
      "uuid": "8062cfb5-3cf3-4f27-acea-1eef68151eef",
      "title": "",
      "fullFile": "cypress\\e2e\\avaliacao.cy.js",
      "file": "cypress\\e2e\\avaliacao.cy.js",
      "beforeHooks": [],
      "afterHooks": [],
      "tests": [],
      "suites": [
        {
          "uuid": "32599fb5-f309-45a3-8f4c-1aee02bf64b0",
          "title": "Adicionar avaliação ao produto",
          "fullFile": "",
          "file": "",
          "beforeHooks": [],
          "afterHooks": [],
          "tests": [
            {
              "title": "deve permitir adicionar uma avaliação ao produto",
              "fullTitle": "Adicionar avaliação ao produto deve permitir adicionar uma avaliação ao produto",
              "timedOut": null,
              "duration": 15196,
              "state": "passed",
              "speed": "slow",
              "pass": true,
              "fail": false,
              "pending": false,
              "context": null,
              "code": "",
              "err": {},
              "uuid": "36fc75fc-700b-4f2a-9164-4baa20f5756b",
              "parentUUID": "32599fb5-f309-45a3-8f4c-1aee02bf64b0",
              "isHook": false,
              "skipped": false
            }
          ],
          "suites": [],
          "passes": [
            "36fc75fc-700b-4f2a-9164-4baa20f5756b"
          ],
          "failures": [],
          "pending": [],
          "skipped": [],
          "duration": 15196,
          "root": false,
          "rootEmpty": false,
          "_timeout": 2000
        }
      ],
      "passes": [],
      "failures": [],
      "pending": [],
      "skipped": [],
      "duration": 0,
      "root": true,
      "rootEmpty": true,
      "_timeout": 2000
    }
  ],
  "meta": {
    "mocha": {
      "version": "7.0.1"
    },
    "mochawesome": {
      "options": {
        "quiet": true,
        "reportFilename": "[status]_[datetime]-[name]",
        "saveHtml": true,
        "saveJson": true,
        "consoleReporter": "spec",
        "useInlineDiffs": false,
        "code": false
      },
      "version": "7.1.4"
    },
    "marge": {
      "options": {
        "reportDir": "cypress/reports/mochawesome",
        "overwrite": false,
        "html": true,
        "json": true,
        "charts": true,
        "code": false,
        "timestamp": "ddmmyyyy_HHmmss",
        "reportFilename": "[status]_[datetime]-[name]",
        "quiet": true
      },
      "version": "6.3.2"
    }
  }
}