{
  "stats": {
    "suites": 1,
    "tests": 1,
    "passes": 1,
    "pending": 0,
    "failures": 0,
    "start": "2025-11-27T21:18:57.648Z",
    "end": "2025-11-27T21:19:31.839Z",
    "duration": 34191,
    "testsRegistered": 1,
    "passPercent": 100,
    "pendingPercent": 0,
    "other": 0,
    "hasOther": false,
    "skipped": 0,
    "hasSkipped": false
  },
  "results": [
    {
      "uuid": "4e1875e8-19c2-4dcc-a7b6-1c323feb7338",
      "title": "",
      "fullFile": "cypress\\e2e\\login-completo.cy.js",
      "file": "cypress\\e2e\\login-completo.cy.js",
      "beforeHooks": [],
      "afterHooks": [],
      "tests": [],
      "suites": [
        {
          "uuid": "6dbd424e-9506-4ad8-a975-cf737af0ca05",
          "title": "Caso de teste 2: Login do usuário com e-mail e senha corretos",
          "fullFile": "",
          "file": "",
          "beforeHooks": [],
          "afterHooks": [],
          "tests": [
            {
              "title": "Deve fazer cadastro, logout, login e excluir a conta",
              "fullTitle": "Caso de teste 2: Login do usuário com e-mail e senha corretos Deve fazer cadastro, logout, login e excluir a conta",
              "timedOut": null,
              "duration": 33992,
              "state": "passed",
              "speed": "slow",
              "pass": true,
              "fail": false,
              "pending": false,
              "context": null,
              "code": "",
              "err": {},
              "uuid": "c091ddd1-f247-49c0-afe6-e07f191ac1c5",
              "parentUUID": "6dbd424e-9506-4ad8-a975-cf737af0ca05",
              "isHook": false,
              "skipped": false
            }
          ],
          "suites": [],
          "passes": [
            "c091ddd1-f247-49c0-afe6-e07f191ac1c5"
          ],
          "failures": [],
          "pending": [],
          "skipped": [],
          "duration": 33992,
          "root": false,
          "rootEmpty": false,
          "_timeout": 2000
        }
      ],
      "passes": [],
      "failures": [],
      "pending": [],
      "skipped": [],
      "duration": 0,
      "root": true,
      "rootEmpty": true,
      "_timeout": 2000
    }
  ],
  "meta": {
    "mocha": {
      "version": "7.0.1"
    },
    "mochawesome": {
      "options": {
        "quiet": true,
        "reportFilename": "[status]_[datetime]-[name]",
        "saveHtml": true,
        "saveJson": true,
        "consoleReporter": "spec",
        "useInlineDiffs": false,
        "code": false
      },
      "version": "7.1.4"
    },
    "marge": {
      "options": {
        "reportDir": "cypress/reports/mochawesome",
        "overwrite": false,
        "html": true,
        "json": true,
        "charts": true,
        "code": false,
        "timestamp": "ddmmyyyy_HHmmss",
        "reportFilename": "[status]_[datetime]-[name]",
        "quiet": true
      },
      "version": "6.3.2"
    }
  }
}