{
  "stats": {
    "suites": 1,
    "tests": 1,
    "passes": 1,
    "pending": 0,
    "failures": 0,
    "start": "2025-11-27T15:21:41.813Z",
    "end": "2025-11-27T15:22:32.076Z",
    "duration": 50263,
    "testsRegistered": 1,
    "passPercent": 100,
    "pendingPercent": 0,
    "other": 0,
    "hasOther": false,
    "skipped": 0,
    "hasSkipped": false
  },
  "results": [
    {
      "uuid": "4d239816-adc6-46e2-a7b0-904f70c51e46",
      "title": "",
      "fullFile": "cypress\\e2e\\fatura.cy.js",
      "file": "cypress\\e2e\\fatura.cy.js",
      "beforeHooks": [],
      "afterHooks": [],
      "tests": [],
      "suites": [
        {
          "uuid": "9122136f-a198-4439-bebf-6e0177d1da90",
          "title": "Caso de teste: Baixar fatura após a ordem de compra",
          "fullFile": "",
          "file": "",
          "beforeHooks": [],
          "afterHooks": [],
          "tests": [
            {
              "title": "Deve completar o fluxo de compra e baixar a fatura",
              "fullTitle": "Caso de teste: Baixar fatura após a ordem de compra Deve completar o fluxo de compra e baixar a fatura",
              "timedOut": null,
              "duration": 50029,
              "state": "passed",
              "speed": "slow",
              "pass": true,
              "fail": false,
              "pending": false,
              "context": null,
              "code": "",
              "err": {},
              "uuid": "53aea468-4d25-4d45-941d-01bbf7bc4528",
              "parentUUID": "9122136f-a198-4439-bebf-6e0177d1da90",
              "isHook": false,
              "skipped": false
            }
          ],
          "suites": [],
          "passes": [
            "53aea468-4d25-4d45-941d-01bbf7bc4528"
          ],
          "failures": [],
          "pending": [],
          "skipped": [],
          "duration": 50029,
          "root": false,
          "rootEmpty": false,
          "_timeout": 2000
        }
      ],
      "passes": [],
      "failures": [],
      "pending": [],
      "skipped": [],
      "duration": 0,
      "root": true,
      "rootEmpty": true,
      "_timeout": 2000
    }
  ],
  "meta": {
    "mocha": {
      "version": "7.0.1"
    },
    "mochawesome": {
      "options": {
        "quiet": true,
        "reportFilename": "[status]_[datetime]-[name]",
        "saveHtml": true,
        "saveJson": true,
        "consoleReporter": "spec",
        "useInlineDiffs": false,
        "code": false
      },
      "version": "7.1.4"
    },
    "marge": {
      "options": {
        "reportDir": "cypress/reports/mochawesome",
        "overwrite": false,
        "html": true,
        "json": true,
        "charts": true,
        "code": false,
        "timestamp": "ddmmyyyy_HHmmss",
        "reportFilename": "[status]_[datetime]-[name]",
        "quiet": true
      },
      "version": "6.3.2"
    }
  }
}